[24.09.2024 19:10:24] - Лог-файл очищен
[24.09.2024 19:10:29] - Запрос "/server/logs/get" от пользователя ::ffff:46.160.250.162
[24.09.2024 19:10:51] - Запрос "/info/board" от пользователя ::ffff:46.160.250.162
[24.09.2024 19:10:57] - Запрос "/info/cpu" от пользователя ::ffff:46.160.250.162
[24.09.2024 19:30:38] - -------------------------------------------------------------------------------
[24.09.2024 19:30:38] - НАСТРОЙКИ ТАЙМЕРОВ:
[24.09.2024 19:30:38] -     Бекап config.json запланирован на 25.09.2024 04:00:00
[24.09.2024 19:30:38] -     Бекап программы запланирован на 25.09.2024 04:10:00
[24.09.2024 19:30:38] -     Очистка лог-файла запланирована на 25.09.2024 04:05:00
[24.09.2024 19:30:38] -     Обновление при старте - false
[24.09.2024 19:30:38] -     Интервал обновлений - 60 min
[24.09.2024 19:30:38] - НАСТРОЙКИ ПРОГРАММЫ:
[24.09.2024 19:30:38] -     Версия программы - 1.0-alpha
[24.09.2024 19:30:38] -     Запись логов - true, Запись в консоль - true
[24.09.2024 19:30:38] -     Запись даты - true, Контраст даты - true
[24.09.2024 19:30:38] -     Системная задержка - 60 sec, Программная задержка - 1 sec
[24.09.2024 19:30:38] -     Очистка логов при старте - false
[24.09.2024 19:30:38] - НАСТРОЙКИ ЗАЩИТЫ:
[24.09.2024 19:30:38] -     Защита от некорректного токена - false
[24.09.2024 19:30:38] -     Защита от изменений - false
[24.09.2024 19:30:38] -     Защита от инъекций - false
[24.09.2024 19:30:38] -     Защита от спама - false
[24.09.2024 19:30:38] - НАСТРОЙКИ СЕРВЕРА:
[24.09.2024 19:30:38] -     Порт сервера - 9999, Кол-во спам запросов - 50/min
[24.09.2024 19:30:38] -     Блокировка токена - 1 min, Блокировка спама - 1 min
[24.09.2024 19:30:38] - НАСТРОЙКИ OHM:
[24.09.2024 19:30:38] -     Порт программы - 8085
[24.09.2024 19:30:38] -     Путь программы - "./data/OpenHardwareMonitor/OpenHardwareMonitor.exe"
[24.09.2024 19:30:38] -     ОТОБРАЖЕНИЕ OHM:
[24.09.2024 19:30:38] -         Температура - true, Вентиляторы - true
[24.09.2024 19:30:38] -         Частота - true, Загрузка - true
[24.09.2024 19:30:38] -         Мощность - true, Напряжение - true
[24.09.2024 19:30:38] - -------------------------------------------------------------------------------

[24.09.2024 19:30:38] - Сервер запущен по адресу http://localhost:9999
[24.09.2024 19:30:46] - Запрос "/server/logs/backup/show" от пользователя ::ffff:46.160.250.162
[24.09.2024 20:21:41] - -------------------------------------------------------------------------------
[24.09.2024 20:21:41] - НАСТРОЙКИ ТАЙМЕРОВ:
[24.09.2024 20:21:41] -     Бекап config.json запланирован на 25.09.2024 04:00:00
[24.09.2024 20:21:41] -     Бекап программы запланирован на 25.09.2024 04:10:00
[24.09.2024 20:21:41] -     Очистка лог-файла запланирована на 25.09.2024 04:05:00
[24.09.2024 20:21:41] -     Обновление при старте - false
[24.09.2024 20:21:41] -     Интервал обновлений - 60 min
[24.09.2024 20:21:41] - НАСТРОЙКИ ПРОГРАММЫ:
[24.09.2024 20:21:41] -     Версия программы - 1.0-alpha
[24.09.2024 20:21:41] -     Запись логов - true, Запись в консоль - true
[24.09.2024 20:21:41] -     Запись даты - true, Контраст даты - true
[24.09.2024 20:21:41] -     Системная задержка - 60 sec, Программная задержка - 1 sec
[24.09.2024 20:21:41] -     Очистка логов при старте - false
[24.09.2024 20:21:41] - НАСТРОЙКИ ЗАЩИТЫ:
[24.09.2024 20:21:41] -     Защита от некорректного токена - false
[24.09.2024 20:21:41] -     Защита от изменений - false
[24.09.2024 20:21:41] -     Защита от инъекций - false
[24.09.2024 20:21:41] -     Защита от спама - false
[24.09.2024 20:21:41] - НАСТРОЙКИ СЕРВЕРА:
[24.09.2024 20:21:41] -     Порт сервера - 9999, Кол-во спам запросов - 50/min
[24.09.2024 20:21:41] -     Блокировка токена - 1 min, Блокировка спама - 1 min
[24.09.2024 20:21:41] - НАСТРОЙКИ OHM:
[24.09.2024 20:21:41] -     Порт программы - 8085
[24.09.2024 20:21:41] -     Путь программы - "./data/OpenHardwareMonitor/OpenHardwareMonitor.exe"
[24.09.2024 20:21:41] -     ОТОБРАЖЕНИЕ OHM:
[24.09.2024 20:21:41] -         Температура - true, Вентиляторы - true
[24.09.2024 20:21:41] -         Частота - true, Загрузка - true
[24.09.2024 20:21:41] -         Мощность - true, Напряжение - true
[24.09.2024 20:21:41] - -------------------------------------------------------------------------------

[24.09.2024 20:21:41] - Сервер запущен по адресу http://localhost:9999
[24.09.2024 20:22:18] - Запрос "/app/cmd" от пользователя ::ffff:46.160.250.162
[24.09.2024 20:23:03] - -------------------------------------------------------------------------------
[24.09.2024 20:23:03] - НАСТРОЙКИ ТАЙМЕРОВ:
[24.09.2024 20:23:03] -     Бекап config.json запланирован на 25.09.2024 04:00:00
[24.09.2024 20:23:03] -     Бекап программы запланирован на 25.09.2024 04:10:00
[24.09.2024 20:23:03] -     Очистка лог-файла запланирована на 25.09.2024 04:05:00
[24.09.2024 20:23:03] -     Обновление при старте - false
[24.09.2024 20:23:03] -     Интервал обновлений - 60 min
[24.09.2024 20:23:03] - НАСТРОЙКИ ПРОГРАММЫ:
[24.09.2024 20:23:03] -     Версия программы - 1.0-alpha
[24.09.2024 20:23:03] -     Запись логов - true, Запись в консоль - true
[24.09.2024 20:23:03] -     Запись даты - true, Контраст даты - true
[24.09.2024 20:23:03] -     Системная задержка - 60 sec, Программная задержка - 1 sec
[24.09.2024 20:23:03] -     Очистка логов при старте - false
[24.09.2024 20:23:03] - НАСТРОЙКИ ЗАЩИТЫ:
[24.09.2024 20:23:03] -     Защита от некорректного токена - false
[24.09.2024 20:23:03] -     Защита от изменений - false
[24.09.2024 20:23:03] -     Защита от инъекций - false
[24.09.2024 20:23:03] -     Защита от спама - false
[24.09.2024 20:23:03] - НАСТРОЙКИ СЕРВЕРА:
[24.09.2024 20:23:03] -     Порт сервера - 9999, Кол-во спам запросов - 50/min
[24.09.2024 20:23:03] -     Блокировка токена - 1 min, Блокировка спама - 1 min
[24.09.2024 20:23:03] - НАСТРОЙКИ OHM:
[24.09.2024 20:23:03] -     Порт программы - 8085
[24.09.2024 20:23:03] -     Путь программы - "./data/OpenHardwareMonitor/OpenHardwareMonitor.exe"
[24.09.2024 20:23:03] -     ОТОБРАЖЕНИЕ OHM:
[24.09.2024 20:23:03] -         Температура - true, Вентиляторы - true
[24.09.2024 20:23:03] -         Частота - true, Загрузка - true
[24.09.2024 20:23:03] -         Мощность - true, Напряжение - true
[24.09.2024 20:23:03] - -------------------------------------------------------------------------------

[24.09.2024 20:23:03] - Сервер запущен по адресу http://localhost:9999
[24.09.2024 20:23:29] - -------------------------------------------------------------------------------
[24.09.2024 20:23:29] - НАСТРОЙКИ ТАЙМЕРОВ:
[24.09.2024 20:23:29] -     Бекап config.json запланирован на 25.09.2024 04:00:00
[24.09.2024 20:23:29] -     Бекап программы запланирован на 25.09.2024 04:10:00
[24.09.2024 20:23:29] -     Очистка лог-файла запланирована на 25.09.2024 04:05:00
[24.09.2024 20:23:29] -     Обновление при старте - false
[24.09.2024 20:23:29] -     Интервал обновлений - 60 min
[24.09.2024 20:23:29] - НАСТРОЙКИ ПРОГРАММЫ:
[24.09.2024 20:23:29] -     Версия программы - 1.0-alpha
[24.09.2024 20:23:29] -     Запись логов - true, Запись в консоль - true
[24.09.2024 20:23:29] -     Запись даты - true, Контраст даты - true
[24.09.2024 20:23:29] -     Системная задержка - 60 sec, Программная задержка - 1 sec
[24.09.2024 20:23:29] -     Очистка логов при старте - false
[24.09.2024 20:23:29] - НАСТРОЙКИ ЗАЩИТЫ:
[24.09.2024 20:23:29] -     Защита от некорректного токена - false
[24.09.2024 20:23:29] -     Защита от изменений - false
[24.09.2024 20:23:29] -     Защита от инъекций - false
[24.09.2024 20:23:29] -     Защита от спама - false
[24.09.2024 20:23:29] - НАСТРОЙКИ СЕРВЕРА:
[24.09.2024 20:23:29] -     Порт сервера - 9999, Кол-во спам запросов - 50/min
[24.09.2024 20:23:29] -     Блокировка токена - 1 min, Блокировка спама - 1 min
[24.09.2024 20:23:29] - НАСТРОЙКИ OHM:
[24.09.2024 20:23:29] -     Порт программы - 8085
[24.09.2024 20:23:29] -     Путь программы - "./data/OpenHardwareMonitor/OpenHardwareMonitor.exe"
[24.09.2024 20:23:29] -     ОТОБРАЖЕНИЕ OHM:
[24.09.2024 20:23:29] -         Температура - true, Вентиляторы - true
[24.09.2024 20:23:29] -         Частота - true, Загрузка - true
[24.09.2024 20:23:29] -         Мощность - true, Напряжение - true
[24.09.2024 20:23:29] - -------------------------------------------------------------------------------

[24.09.2024 20:23:29] - Сервер запущен по адресу http://localhost:9999
[24.09.2024 20:23:37] - Запрос "/app/cmd" от пользователя ::ffff:46.160.250.162
[24.09.2024 20:24:51] - Запрос "/app/cmd" от пользователя ::ffff:46.160.250.162
[24.09.2024 20:25:40] - -------------------------------------------------------------------------------
[24.09.2024 20:25:40] - НАСТРОЙКИ ТАЙМЕРОВ:
[24.09.2024 20:25:40] -     Бекап config.json запланирован на 25.09.2024 04:00:00
[24.09.2024 20:25:40] -     Бекап программы запланирован на 25.09.2024 04:10:00
[24.09.2024 20:25:40] -     Очистка лог-файла запланирована на 25.09.2024 04:05:00
[24.09.2024 20:25:40] -     Обновление при старте - false
[24.09.2024 20:25:40] -     Интервал обновлений - 60 min
[24.09.2024 20:25:40] - НАСТРОЙКИ ПРОГРАММЫ:
[24.09.2024 20:25:40] -     Версия программы - 1.0-alpha
[24.09.2024 20:25:40] -     Запись логов - true, Запись в консоль - true
[24.09.2024 20:25:40] -     Запись даты - true, Контраст даты - true
[24.09.2024 20:25:40] -     Системная задержка - 60 sec, Программная задержка - 1 sec
[24.09.2024 20:25:40] -     Очистка логов при старте - false
[24.09.2024 20:25:40] - НАСТРОЙКИ ЗАЩИТЫ:
[24.09.2024 20:25:40] -     Защита от некорректного токена - false
[24.09.2024 20:25:40] -     Защита от изменений - false
[24.09.2024 20:25:40] -     Защита от инъекций - false
[24.09.2024 20:25:40] -     Защита от спама - false
[24.09.2024 20:25:40] - НАСТРОЙКИ СЕРВЕРА:
[24.09.2024 20:25:40] -     Порт сервера - 9999, Кол-во спам запросов - 50/min
[24.09.2024 20:25:40] -     Блокировка токена - 1 min, Блокировка спама - 1 min
[24.09.2024 20:25:40] - НАСТРОЙКИ OHM:
[24.09.2024 20:25:40] -     Порт программы - 8085
[24.09.2024 20:25:40] -     Путь программы - "./data/OpenHardwareMonitor/OpenHardwareMonitor.exe"
[24.09.2024 20:25:40] -     ОТОБРАЖЕНИЕ OHM:
[24.09.2024 20:25:40] -         Температура - true, Вентиляторы - true
[24.09.2024 20:25:40] -         Частота - true, Загрузка - true
[24.09.2024 20:25:40] -         Мощность - true, Напряжение - true
[24.09.2024 20:25:40] - -------------------------------------------------------------------------------

[24.09.2024 20:25:40] - Сервер запущен по адресу http://localhost:9999
[24.09.2024 20:25:47] - Запрос "/app/cmd" от пользователя ::ffff:46.160.250.162
[24.09.2024 20:26:32] - -------------------------------------------------------------------------------
[24.09.2024 20:26:32] - НАСТРОЙКИ ТАЙМЕРОВ:
[24.09.2024 20:26:32] -     Бекап config.json запланирован на 25.09.2024 04:00:00
[24.09.2024 20:26:32] -     Бекап программы запланирован на 25.09.2024 04:10:00
[24.09.2024 20:26:32] -     Очистка лог-файла запланирована на 25.09.2024 04:05:00
[24.09.2024 20:26:32] -     Обновление при старте - false
[24.09.2024 20:26:32] -     Интервал обновлений - 60 min
[24.09.2024 20:26:32] - НАСТРОЙКИ ПРОГРАММЫ:
[24.09.2024 20:26:32] -     Версия программы - 1.0-alpha
[24.09.2024 20:26:32] -     Запись логов - true, Запись в консоль - true
[24.09.2024 20:26:32] -     Запись даты - true, Контраст даты - true
[24.09.2024 20:26:32] -     Системная задержка - 60 sec, Программная задержка - 1 sec
[24.09.2024 20:26:32] -     Очистка логов при старте - false
[24.09.2024 20:26:32] - НАСТРОЙКИ ЗАЩИТЫ:
[24.09.2024 20:26:32] -     Защита от некорректного токена - false
[24.09.2024 20:26:32] -     Защита от изменений - false
[24.09.2024 20:26:32] -     Защита от инъекций - false
[24.09.2024 20:26:32] -     Защита от спама - false
[24.09.2024 20:26:32] - НАСТРОЙКИ СЕРВЕРА:
[24.09.2024 20:26:32] -     Порт сервера - 9999, Кол-во спам запросов - 50/min
[24.09.2024 20:26:32] -     Блокировка токена - 1 min, Блокировка спама - 1 min
[24.09.2024 20:26:32] - НАСТРОЙКИ OHM:
[24.09.2024 20:26:32] -     Порт программы - 8085
[24.09.2024 20:26:32] -     Путь программы - "./data/OpenHardwareMonitor/OpenHardwareMonitor.exe"
[24.09.2024 20:26:32] -     ОТОБРАЖЕНИЕ OHM:
[24.09.2024 20:26:32] -         Температура - true, Вентиляторы - true
[24.09.2024 20:26:32] -         Частота - true, Загрузка - true
[24.09.2024 20:26:32] -         Мощность - true, Напряжение - true
[24.09.2024 20:26:32] - -------------------------------------------------------------------------------

[24.09.2024 20:26:32] - Сервер запущен по адресу http://localhost:9999
[24.09.2024 20:26:36] - Запрос "/app/cmd" от пользователя ::ffff:46.160.250.162
[24.09.2024 20:27:43] - -------------------------------------------------------------------------------
[24.09.2024 20:27:43] - НАСТРОЙКИ ТАЙМЕРОВ:
[24.09.2024 20:27:43] -     Бекап config.json запланирован на 25.09.2024 04:00:00
[24.09.2024 20:27:43] -     Бекап программы запланирован на 25.09.2024 04:00:00
[24.09.2024 20:27:43] -     Очистка лог-файла запланирована на 25.09.2024 04:00:00
[24.09.2024 20:27:43] -     Обновление при старте - false
[24.09.2024 20:27:43] -     Интервал обновлений - 60 min
[24.09.2024 20:27:43] - НАСТРОЙКИ ПРОГРАММЫ:
[24.09.2024 20:27:43] -     Версия программы - 1.0-alpha
[24.09.2024 20:27:43] -     Запись логов - true, Запись в консоль - true
[24.09.2024 20:27:43] -     Запись даты - true, Контраст даты - true
[24.09.2024 20:27:43] -     Системная задержка - 60 sec, Программная задержка - 1 sec
[24.09.2024 20:27:43] -     Очистка логов при старте - false
[24.09.2024 20:27:43] - НАСТРОЙКИ ЗАЩИТЫ:
[24.09.2024 20:27:43] -     Защита от некорректного токена - false
[24.09.2024 20:27:43] -     Защита от изменений - false
[24.09.2024 20:27:43] -     Защита от инъекций - true
[24.09.2024 20:27:43] -     Защита от спама - false
[24.09.2024 20:27:43] - НАСТРОЙКИ СЕРВЕРА:
[24.09.2024 20:27:43] -     Порт сервера - 9999, Кол-во спам запросов - 50/min
[24.09.2024 20:27:43] -     Блокировка токена - 1 min, Блокировка спама - 1 min
[24.09.2024 20:27:43] - НАСТРОЙКИ OHM:
[24.09.2024 20:27:43] -     Порт программы - 8085
[24.09.2024 20:27:43] -     Путь программы - "./data/OpenHardwareMonitor/OpenHardwareMonitor.exe"
[24.09.2024 20:27:43] -     ОТОБРАЖЕНИЕ OHM:
[24.09.2024 20:27:43] -         Температура - true, Вентиляторы - true
[24.09.2024 20:27:43] -         Частота - true, Загрузка - true
[24.09.2024 20:27:43] -         Мощность - true, Напряжение - true
[24.09.2024 20:27:43] - -------------------------------------------------------------------------------

[24.09.2024 20:27:43] - Сервер запущен по адресу http://localhost:9999
[24.09.2024 20:27:47] - Запрос "/app/cmd" от пользователя ::ffff:46.160.250.162
[24.09.2024 20:27:47] - Подозрение на опасный запрос от пользователя ::ffff:46.160.250.162
